<?xml version="1.0" encoding="utf-8"?><testsuites name="pytest tests"><testsuite name="pytest" errors="0" failures="0" skipped="0" tests="6" time="1.295" timestamp="2026-04-17T13:24:34.318959+00:00" hostname="agent-env-3d16016d-c435-4af7-b01f-5eb49d4221dd"><testcase classname="backend.tests.test_api.TestHealthCheck" name="test_root_endpoint" time="0.195" /><testcase classname="backend.tests.test_api.TestContactForm" name="test_contact_form_success" time="0.136" /><testcase classname="backend.tests.test_api.TestContactForm" name="test_contact_form_with_optional_fields" time="0.105" /><testcase classname="backend.tests.test_api.TestContactForm" name="test_contact_form_missing_required_fields" time="0.413" /><testcase classname="backend.tests.test_api.TestStatusEndpoint" name="test_create_status_check" time="0.162" /><testcase classname="backend.tests.test_api.TestStatusEndpoint" name="test_get_status_checks" time="0.127" /></testsuite></testsuites>